2019-11-30 22:04:11,715 [INFO] from play.api.http.EnabledFilters in play-dev-mode-akka.actor.default-dispatcher-5 - Enabled Filters (see <https://www.playframework.com/documentation/latest/Filters>):

    play.filters.csrf.CSRFFilter
    play.filters.headers.SecurityHeadersFilter
    play.filters.hosts.AllowedHostsFilter

2019-11-30 22:04:11,882 [INFO] from play.api.Play in play-dev-mode-akka.actor.default-dispatcher-5 - Application started (Dev)
2019-11-30 22:04:12,540 [WARN] from com.datastax.driver.core.NettyUtil in playakka-akka.actor.default-dispatcher-8 - Found Netty's native epoll transport in the classpath, but epoll is not available. Using NIO instead.
java.lang.UnsatisfiedLinkError: could not load a native library: netty_transport_native_epoll_x86_64
	at io.netty.util.internal.NativeLibraryLoader.load(NativeLibraryLoader.java:205)
	at io.netty.channel.epoll.Native.loadNativeLibrary(Native.java:207)
	at io.netty.channel.epoll.Native.<clinit>(Native.java:65)
	at io.netty.channel.epoll.Epoll.<clinit>(Epoll.java:33)
	at java.lang.Class.forName0(Native Method)
	at java.lang.Class.forName(Class.java:264)
	at com.datastax.driver.core.NettyUtil.<clinit>(NettyUtil.java:57)
	at com.datastax.driver.core.NettyOptions.eventLoopGroup(NettyOptions.java:95)
	at com.datastax.driver.core.Connection$Factory.<init>(Connection.java:926)
	at com.datastax.driver.core.Cluster$Manager.init(Cluster.java:1499)
	at com.datastax.driver.core.Cluster.init(Cluster.java:208)
	at com.datastax.driver.core.Cluster.connectAsync(Cluster.java:376)
	at com.datastax.driver.core.Cluster.connect(Cluster.java:332)
	at akka.cassandra.CassandraOp.startSession(CassandraOp.java:31)
	at akka.cassandra.CassandraActor.<init>(CassandraActor.java:28)
	at sun.reflect.NativeConstructorAccessorImpl.newInstance0(Native Method)
	at sun.reflect.NativeConstructorAccessorImpl.newInstance(NativeConstructorAccessorImpl.java:62)
	at sun.reflect.DelegatingConstructorAccessorImpl.newInstance(DelegatingConstructorAccessorImpl.java:45)
	at java.lang.reflect.Constructor.newInstance(Constructor.java:423)
	at java.lang.Class.newInstance(Class.java:442)
	at akka.util.Reflect$.instantiate(Reflect.scala:45)
	at akka.actor.NoArgsReflectConstructor.produce(IndirectActorProducer.scala:105)
	at akka.actor.Props.newActor(Props.scala:212)
	at akka.actor.ActorCell.newActor(ActorCell.scala:624)
	at akka.actor.ActorCell.create(ActorCell.scala:650)
	at akka.actor.ActorCell.invokeAll$1(ActorCell.scala:523)
	at akka.actor.ActorCell.systemInvoke(ActorCell.scala:545)
	at akka.dispatch.Mailbox.processAllSystemMessages(Mailbox.scala:283)
	at akka.dispatch.Mailbox.run(Mailbox.scala:224)
	at akka.dispatch.Mailbox.exec(Mailbox.scala:235)
	at akka.dispatch.forkjoin.ForkJoinTask.doExec(ForkJoinTask.java:260)
	at akka.dispatch.forkjoin.ForkJoinPool$WorkQueue.runTask(ForkJoinPool.java:1339)
	at akka.dispatch.forkjoin.ForkJoinPool.runWorker(ForkJoinPool.java:1979)
	at akka.dispatch.forkjoin.ForkJoinWorkerThread.run(ForkJoinWorkerThread.java:107)
	Suppressed: java.lang.UnsatisfiedLinkError: no netty_transport_native_epoll_x86_64 in java.library.path
		at java.lang.ClassLoader.loadLibrary(ClassLoader.java:1867)
		at java.lang.Runtime.loadLibrary0(Runtime.java:870)
		at java.lang.System.loadLibrary(System.java:1122)
		at io.netty.util.internal.NativeLibraryUtil.loadLibrary(NativeLibraryUtil.java:38)
		at io.netty.util.internal.NativeLibraryLoader.loadLibrary(NativeLibraryLoader.java:243)
		at io.netty.util.internal.NativeLibraryLoader.load(NativeLibraryLoader.java:124)
		... 33 common frames omitted
		Suppressed: java.lang.UnsatisfiedLinkError: no netty_transport_native_epoll_x86_64 in java.library.path
			at java.lang.ClassLoader.loadLibrary(ClassLoader.java:1867)
			at java.lang.Runtime.loadLibrary0(Runtime.java:870)
			at java.lang.System.loadLibrary(System.java:1122)
			at io.netty.util.internal.NativeLibraryUtil.loadLibrary(NativeLibraryUtil.java:38)
			at sun.reflect.NativeMethodAccessorImpl.invoke0(Native Method)
			at sun.reflect.NativeMethodAccessorImpl.invoke(NativeMethodAccessorImpl.java:62)
			at sun.reflect.DelegatingMethodAccessorImpl.invoke(DelegatingMethodAccessorImpl.java:43)
			at java.lang.reflect.Method.invoke(Method.java:498)
			at io.netty.util.internal.NativeLibraryLoader$1.run(NativeLibraryLoader.java:263)
			at java.security.AccessController.doPrivileged(Native Method)
			at io.netty.util.internal.NativeLibraryLoader.loadLibraryByHelper(NativeLibraryLoader.java:255)
			at io.netty.util.internal.NativeLibraryLoader.loadLibrary(NativeLibraryLoader.java:233)
			... 34 common frames omitted
	Suppressed: java.lang.UnsatisfiedLinkError: could not load a native library: netty_transport_native_epoll
		at io.netty.util.internal.NativeLibraryLoader.load(NativeLibraryLoader.java:205)
		at io.netty.channel.epoll.Native.loadNativeLibrary(Native.java:210)
		... 32 common frames omitted
	Caused by: java.io.FileNotFoundException: META-INF/native/libnetty_transport_native_epoll.so
		at io.netty.util.internal.NativeLibraryLoader.load(NativeLibraryLoader.java:161)
		... 33 common frames omitted
		Suppressed: java.lang.UnsatisfiedLinkError: no netty_transport_native_epoll in java.library.path
			at java.lang.ClassLoader.loadLibrary(ClassLoader.java:1867)
			at java.lang.Runtime.loadLibrary0(Runtime.java:870)
			at java.lang.System.loadLibrary(System.java:1122)
			at io.netty.util.internal.NativeLibraryUtil.loadLibrary(NativeLibraryUtil.java:38)
			at io.netty.util.internal.NativeLibraryLoader.loadLibrary(NativeLibraryLoader.java:243)
			at io.netty.util.internal.NativeLibraryLoader.load(NativeLibraryLoader.java:124)
			... 33 common frames omitted
			Suppressed: java.lang.UnsatisfiedLinkError: no netty_transport_native_epoll in java.library.path
				at java.lang.ClassLoader.loadLibrary(ClassLoader.java:1867)
				at java.lang.Runtime.loadLibrary0(Runtime.java:870)
				at java.lang.System.loadLibrary(System.java:1122)
				at io.netty.util.internal.NativeLibraryUtil.loadLibrary(NativeLibraryUtil.java:38)
				at sun.reflect.NativeMethodAccessorImpl.invoke0(Native Method)
				at sun.reflect.NativeMethodAccessorImpl.invoke(NativeMethodAccessorImpl.java:62)
				at sun.reflect.DelegatingMethodAccessorImpl.invoke(DelegatingMethodAccessorImpl.java:43)
				at java.lang.reflect.Method.invoke(Method.java:498)
				at io.netty.util.internal.NativeLibraryLoader$1.run(NativeLibraryLoader.java:263)
				at java.security.AccessController.doPrivileged(Native Method)
				at io.netty.util.internal.NativeLibraryLoader.loadLibraryByHelper(NativeLibraryLoader.java:255)
				at io.netty.util.internal.NativeLibraryLoader.loadLibrary(NativeLibraryLoader.java:233)
				... 34 common frames omitted
Caused by: java.lang.RuntimeException: failed to get field ID: DefaultFileRegion.transferred
	at java.lang.ClassLoader$NativeLibrary.load(Native Method)
	at java.lang.ClassLoader.loadLibrary0(ClassLoader.java:1941)
	at java.lang.ClassLoader.loadLibrary(ClassLoader.java:1824)
	at java.lang.Runtime.load0(Runtime.java:809)
	at java.lang.System.load(System.java:1086)
	at io.netty.util.internal.NativeLibraryUtil.loadLibrary(NativeLibraryUtil.java:36)
	at io.netty.util.internal.NativeLibraryLoader.loadLibrary(NativeLibraryLoader.java:243)
	at io.netty.util.internal.NativeLibraryLoader.load(NativeLibraryLoader.java:187)
	... 33 common frames omitted
